[ 2023-05-07 11:50:23,700 ] 24 root - INFO - Data ingestion has been initiated
[ 2023-05-07 11:50:23,715 ] 26 root - INFO - Successfully read data from the source data
[ 2023-05-07 11:50:23,742 ] 30 root - INFO - Raw data has been successfully created
[ 2023-05-07 11:50:23,747 ] 33 root - INFO - Train and Test data has been successfully split
[ 2023-05-07 11:50:23,772 ] 36 root - INFO - Data ingestion has been successfully completed
[ 2023-05-07 11:50:23,778 ] 24 root - INFO - Data ingestion has been initiated
[ 2023-05-07 11:50:23,790 ] 26 root - INFO - Successfully read data from the source data
[ 2023-05-07 11:50:23,814 ] 30 root - INFO - Raw data has been successfully created
[ 2023-05-07 11:50:23,817 ] 33 root - INFO - Train and Test data has been successfully split
[ 2023-05-07 11:50:23,841 ] 36 root - INFO - Data ingestion has been successfully completed
[ 2023-05-07 11:50:23,843 ] 51 root - INFO - Data Transformation has been initiated
[ 2023-05-07 11:50:23,860 ] 55 root - INFO - Train dataframe head: 
    Unnamed: 0 class cap-shape cap-surface cap-color bruises odor gill-attachment gill-spacing gill-size gill-color stalk-shape stalk-root stalk-surface-above-ring stalk-surface-below-ring stalk-color-above-ring stalk-color-below-ring veil-type veil-color ring-number ring-type spore-print-color population habitat
0        5921     p         x           s         b       t    f               f            c         b          h           t          b                        s                        f                      w                      w         p          w           o         p                 h          v       u
1        1073     e         x           f         g       t    n               f            c         b          p           t          b                        s                        s                      p                      w         p          w           o         p                 k          y       d
2        3710     p         x           f         g       f    f               f            c         b          p           e          b                        k                        k                      n                      b         p          w           o         l                 h          v       d
3         144     e         x           y         y       t    a               f            c         b          k           e          c                        s                        s                      w                      w         p          w           o         p                 k          n       g
4        5469     p         x           y         n       f    y               f            c         n          b           t          ?                        k                        k                      w                      p         p          w           o         e                 w          v       d
[ 2023-05-07 11:50:23,863 ] 56 root - INFO - Test dataframe head: 
    Unnamed: 0 class cap-shape cap-surface cap-color bruises odor gill-attachment gill-spacing gill-size gill-color stalk-shape stalk-root stalk-surface-above-ring stalk-surface-below-ring stalk-color-above-ring stalk-color-below-ring veil-type veil-color ring-number ring-type spore-print-color population habitat
0        1971     e         f           f         n       f    n               f            w         b          h           t          e                        s                        f                      w                      w         p          w           o         e                 n          s       g
1        6654     p         f           s         e       f    y               f            c         n          b           t          ?                        s                        s                      p                      p         p          w           o         e                 w          v       l
2        5606     p         x           y         n       f    f               f            c         n          b           t          ?                        k                        s                      w                      p         p          w           o         e                 w          v       l
3        3332     e         f           y         g       t    n               f            c         b          n           t          b                        s                        s                      g                      p         p          w           o         p                 n          y       d
4        6988     p         f           s         e       f    s               f            c         n          b           t          ?                        s                        s                      p                      p         p          w           o         e                 w          v       l
[ 2023-05-07 11:50:23,866 ] 63 root - INFO - Input and Target feature has been successfully split
[ 2023-05-07 11:50:23,866 ] 43 root - INFO - Preprocessor file has been successfully created
[ 2023-05-07 11:50:23,889 ] 70 root - INFO - Data Transformation has been successfully completed
[ 2023-05-07 11:50:23,890 ] 73 root - INFO - Preprocessor picked was successfully saved
[ 2023-05-07 11:50:23,892 ] 24 root - INFO - Data ingestion has been initiated
[ 2023-05-07 11:50:23,903 ] 26 root - INFO - Successfully read data from the source data
[ 2023-05-07 11:50:23,927 ] 30 root - INFO - Raw data has been successfully created
[ 2023-05-07 11:50:23,930 ] 33 root - INFO - Train and Test data has been successfully split
[ 2023-05-07 11:50:23,955 ] 36 root - INFO - Data ingestion has been successfully completed
[ 2023-05-07 11:50:23,956 ] 51 root - INFO - Data Transformation has been initiated
[ 2023-05-07 11:50:23,972 ] 55 root - INFO - Train dataframe head: 
    Unnamed: 0 class cap-shape cap-surface cap-color bruises odor gill-attachment gill-spacing gill-size gill-color stalk-shape stalk-root stalk-surface-above-ring stalk-surface-below-ring stalk-color-above-ring stalk-color-below-ring veil-type veil-color ring-number ring-type spore-print-color population habitat
0        5921     p         x           s         b       t    f               f            c         b          h           t          b                        s                        f                      w                      w         p          w           o         p                 h          v       u
1        1073     e         x           f         g       t    n               f            c         b          p           t          b                        s                        s                      p                      w         p          w           o         p                 k          y       d
2        3710     p         x           f         g       f    f               f            c         b          p           e          b                        k                        k                      n                      b         p          w           o         l                 h          v       d
3         144     e         x           y         y       t    a               f            c         b          k           e          c                        s                        s                      w                      w         p          w           o         p                 k          n       g
4        5469     p         x           y         n       f    y               f            c         n          b           t          ?                        k                        k                      w                      p         p          w           o         e                 w          v       d
[ 2023-05-07 11:50:23,975 ] 56 root - INFO - Test dataframe head: 
    Unnamed: 0 class cap-shape cap-surface cap-color bruises odor gill-attachment gill-spacing gill-size gill-color stalk-shape stalk-root stalk-surface-above-ring stalk-surface-below-ring stalk-color-above-ring stalk-color-below-ring veil-type veil-color ring-number ring-type spore-print-color population habitat
0        1971     e         f           f         n       f    n               f            w         b          h           t          e                        s                        f                      w                      w         p          w           o         e                 n          s       g
1        6654     p         f           s         e       f    y               f            c         n          b           t          ?                        s                        s                      p                      p         p          w           o         e                 w          v       l
2        5606     p         x           y         n       f    f               f            c         n          b           t          ?                        k                        s                      w                      p         p          w           o         e                 w          v       l
3        3332     e         f           y         g       t    n               f            c         b          n           t          b                        s                        s                      g                      p         p          w           o         p                 n          y       d
4        6988     p         f           s         e       f    s               f            c         n          b           t          ?                        s                        s                      p                      p         p          w           o         e                 w          v       l
[ 2023-05-07 11:50:23,977 ] 63 root - INFO - Input and Target feature has been successfully split
[ 2023-05-07 11:50:23,977 ] 43 root - INFO - Preprocessor file has been successfully created
[ 2023-05-07 11:50:23,999 ] 70 root - INFO - Data Transformation has been successfully completed
[ 2023-05-07 11:50:23,999 ] 73 root - INFO - Preprocessor picked was successfully saved
[ 2023-05-07 11:50:24,001 ] 28 root - INFO - train_test_shape: 
((5686, 22), (5686,), (2438, 22), (2438,))
[ 2023-05-07 11:50:24,001 ] 37 root - INFO - Model training has been successfully initiated
