[ 2023-05-09 22:05:05,557 ] 24 root - INFO - Data ingestion has been initiated
[ 2023-05-09 22:05:05,584 ] 26 root - INFO - Successfully read data from the source data
[ 2023-05-09 22:05:05,616 ] 30 root - INFO - Raw data has been successfully created
[ 2023-05-09 22:05:05,619 ] 33 root - INFO - Train and Test data has been successfully split
[ 2023-05-09 22:05:05,644 ] 36 root - INFO - Data ingestion has been successfully completed
[ 2023-05-09 22:05:05,645 ] 51 root - INFO - Data Transformation has been initiated
[ 2023-05-09 22:05:05,664 ] 55 root - INFO - Train dataframe head: 
    Unnamed: 0 class cap-shape cap-surface cap-color bruises odor gill-attachment gill-spacing gill-size gill-color stalk-shape stalk-root stalk-surface-above-ring stalk-surface-below-ring stalk-color-above-ring stalk-color-below-ring veil-type veil-color ring-number ring-type spore-print-color population habitat
0        5921     p         x           s         b       t    f               f            c         b          h           t          b                        s                        f                      w                      w         p          w           o         p                 h          v       u
1        1073     e         x           f         g       t    n               f            c         b          p           t          b                        s                        s                      p                      w         p          w           o         p                 k          y       d
2        3710     p         x           f         g       f    f               f            c         b          p           e          b                        k                        k                      n                      b         p          w           o         l                 h          v       d
3         144     e         x           y         y       t    a               f            c         b          k           e          c                        s                        s                      w                      w         p          w           o         p                 k          n       g
4        5469     p         x           y         n       f    y               f            c         n          b           t          ?                        k                        k                      w                      p         p          w           o         e                 w          v       d
[ 2023-05-09 22:05:05,667 ] 56 root - INFO - Test dataframe head: 
    Unnamed: 0 class cap-shape cap-surface cap-color bruises odor gill-attachment gill-spacing gill-size gill-color stalk-shape stalk-root stalk-surface-above-ring stalk-surface-below-ring stalk-color-above-ring stalk-color-below-ring veil-type veil-color ring-number ring-type spore-print-color population habitat
0        1971     e         f           f         n       f    n               f            w         b          h           t          e                        s                        f                      w                      w         p          w           o         e                 n          s       g
1        6654     p         f           s         e       f    y               f            c         n          b           t          ?                        s                        s                      p                      p         p          w           o         e                 w          v       l
2        5606     p         x           y         n       f    f               f            c         n          b           t          ?                        k                        s                      w                      p         p          w           o         e                 w          v       l
3        3332     e         f           y         g       t    n               f            c         b          n           t          b                        s                        s                      g                      p         p          w           o         p                 n          y       d
4        6988     p         f           s         e       f    s               f            c         n          b           t          ?                        s                        s                      p                      p         p          w           o         e                 w          v       l
[ 2023-05-09 22:05:05,670 ] 63 root - INFO - Input and Target feature has been successfully split
[ 2023-05-09 22:05:05,670 ] 43 root - INFO - Preprocessor file has been successfully created
[ 2023-05-09 22:05:05,719 ] 70 root - INFO - Data Transformation has been successfully completed
[ 2023-05-09 22:05:05,721 ] 73 root - INFO - Preprocessor picked was successfully saved
[ 2023-05-09 22:05:05,723 ] 25 root - INFO - train_test_shape: 
((5686, 21), (5686,), (2438, 21), (2438,))
[ 2023-05-09 22:05:05,723 ] 33 root - INFO - Model training has been successfully initiated
[ 2023-05-09 22:05:06,008 ] 41 root - INFO - Model training has been successfully completed
[ 2023-05-09 22:05:06,009 ] 47 root - INFO - Best_model: dt, F1 macro: 1.0
[ 2023-05-09 22:05:06,010 ] 50 root - INFO - Best model was successfully saved
