[ 2023-05-30 15:54:25,324 ] 26 root - INFO - Successfully connected to the MongoDB database.
[ 2023-05-30 15:54:26,837 ] 33 root - INFO - Created the Mushroom Database successfully.
[ 2023-05-30 15:54:27,540 ] 42 root - INFO - Successfully retrieved data from MongoDB.
[ 2023-05-30 15:54:27,573 ] 46 root - INFO - Raw data has been saved successfully.
[ 2023-05-30 15:54:27,575 ] 23 root - INFO - Data ingestion has been initiated
[ 2023-05-30 15:54:27,587 ] 25 root - INFO - Successfully read data from the artifacts raw data
[ 2023-05-30 15:54:27,590 ] 27 root - INFO - Train and Test data has been successfully split
[ 2023-05-30 15:54:27,618 ] 30 root - INFO - Data ingestion has been successfully completed
[ 2023-05-30 15:54:27,619 ] 51 root - INFO - Data Transformation has been initiated
[ 2023-05-30 15:54:27,639 ] 55 root - INFO - Train dataframe head: 
    Unnamed: 0.1  Unnamed: 0 class cap-shape cap-surface cap-color bruises odor gill-attachment gill-spacing gill-size gill-color stalk-shape stalk-root stalk-surface-above-ring stalk-surface-below-ring stalk-color-above-ring stalk-color-below-ring veil-type veil-color ring-number ring-type spore-print-color population habitat
0          5921        5921     p         x           s         b       t    f               f            c         b          h           t          b                        s                        f                      w                      w         p          w           o         p                 h          v       u
1          1073        1073     e         x           f         g       t    n               f            c         b          p           t          b                        s                        s                      p                      w         p          w           o         p                 k          y       d
2          3710        3710     p         x           f         g       f    f               f            c         b          p           e          b                        k                        k                      n                      b         p          w           o         l                 h          v       d
3           144         144     e         x           y         y       t    a               f            c         b          k           e          c                        s                        s                      w                      w         p          w           o         p                 k          n       g
4          5469        5469     p         x           y         n       f    y               f            c         n          b           t          ?                        k                        k                      w                      p         p          w           o         e                 w          v       d
[ 2023-05-30 15:54:27,642 ] 56 root - INFO - Test dataframe head: 
    Unnamed: 0.1  Unnamed: 0 class cap-shape cap-surface cap-color bruises odor gill-attachment gill-spacing gill-size gill-color stalk-shape stalk-root stalk-surface-above-ring stalk-surface-below-ring stalk-color-above-ring stalk-color-below-ring veil-type veil-color ring-number ring-type spore-print-color population habitat
0          1971        1971     e         f           f         n       f    n               f            w         b          h           t          e                        s                        f                      w                      w         p          w           o         e                 n          s       g
1          6654        6654     p         f           s         e       f    y               f            c         n          b           t          ?                        s                        s                      p                      p         p          w           o         e                 w          v       l
2          5606        5606     p         x           y         n       f    f               f            c         n          b           t          ?                        k                        s                      w                      p         p          w           o         e                 w          v       l
3          3332        3332     e         f           y         g       t    n               f            c         b          n           t          b                        s                        s                      g                      p         p          w           o         p                 n          y       d
4          6988        6988     p         f           s         e       f    s               f            c         n          b           t          ?                        s                        s                      p                      p         p          w           o         e                 w          v       l
[ 2023-05-30 15:54:27,644 ] 63 root - INFO - Input and Target feature has been successfully split
[ 2023-05-30 15:54:27,645 ] 43 root - INFO - Preprocessor file has been successfully created
[ 2023-05-30 15:54:27,695 ] 70 root - INFO - Data Transformation has been successfully completed
[ 2023-05-30 15:54:27,696 ] 73 root - INFO - Preprocessor picked was successfully saved
[ 2023-05-30 15:54:27,698 ] 37 root - INFO - train_test_shape: ((5686, 21), (5686,), (2438, 21), (2438,))
[ 2023-05-30 15:54:27,698 ] 46 root - INFO - Model training has been successfully initiated
[ 2023-05-30 15:54:27,844 ] 53 root - INFO - Model: lr, F1 macro: 0.9498995079494164
[ 2023-05-30 15:54:36,215 ] 31 root - INFO - Model: lr, Cv_F1 MACRO MEAN : 0.9505734348683748, Cv_STD DEV: 0.010938032606839421
[ 2023-05-30 15:54:36,295 ] 53 root - INFO - Model: dt, F1 macro: 1.0
[ 2023-05-30 15:54:37,977 ] 31 root - INFO - Model: dt, Cv_F1 MACRO MEAN : 1.0, Cv_STD DEV: 0.0
[ 2023-05-30 15:54:37,979 ] 57 root - INFO - Model training has been successfully completed
[ 2023-05-30 15:54:37,979 ] 63 root - INFO - Best_model: dt, F1 macro: 1.0
[ 2023-05-30 15:54:37,981 ] 66 root - INFO - Best model was successfully saved
